<?xml version="1.0" encoding="UTF-8"?>
<testng-results ignored="0" total="1" passed="1" failed="0" skipped="0">
  <reporter-output>
  </reporter-output>
  <suite started-at="2023-07-23T17:19:47Z" name="Suite" finished-at="2023-07-23T17:20:02Z" duration-ms="15579">
    <groups>
    </groups>
    <test started-at="2023-07-23T17:19:47Z" name="Test" finished-at="2023-07-23T17:20:02Z" duration-ms="15579">
      <class name="com.inetbanking.testCases.TC_NewCutomerRegistration002">
        <test-method is-config="true" signature="setup()[pri:0, instance:com.inetbanking.testCases.TC_NewCutomerRegistration002@65d09a04]" started-at="2023-07-23T17:19:47Z" name="setup" finished-at="2023-07-23T17:19:49Z" duration-ms="2087" status="PASS">
          <reporter-output>
          </reporter-output>
        </test-method> <!-- setup -->
        <test-method signature="testNewUserRegister()[pri:0, instance:com.inetbanking.testCases.TC_NewCutomerRegistration002@65d09a04]" started-at="2023-07-23T17:19:49Z" name="testNewUserRegister" finished-at="2023-07-23T17:20:02Z" duration-ms="12534" status="PASS">
          <reporter-output>
          </reporter-output>
        </test-method> <!-- testNewUserRegister -->
        <test-method is-config="true" signature="tearDown()[pri:0, instance:com.inetbanking.testCases.TC_NewCutomerRegistration002@65d09a04]" started-at="2023-07-23T17:20:02Z" name="tearDown" finished-at="2023-07-23T17:20:02Z" duration-ms="701" status="PASS">
          <reporter-output>
          </reporter-output>
        </test-method> <!-- tearDown -->
      </class> <!-- com.inetbanking.testCases.TC_NewCutomerRegistration002 -->
    </test> <!-- Test -->
  </suite> <!-- Suite -->
</testng-results>
